<?xml version="1.0" encoding="UTF-8"?>
<testng-results ignored="0" total="1" passed="1" failed="0" skipped="0">
  <reporter-output>
  </reporter-output>
  <suite started-at="2023-06-28T16:01:36 IST" name="Suite" finished-at="2023-06-28T16:01:39 IST" duration-ms="3368">
    <groups>
    </groups>
    <test started-at="2023-06-28T16:01:36 IST" name="Test" finished-at="2023-06-28T16:01:39 IST" duration-ms="3368">
      <class name="TestClassPackage.Gate_Tc1">
        <test-method signature="Execute()[pri:0, instance:TestClassPackage.Gate_Tc1@479ceda0]" started-at="2023-06-28T16:01:36 IST" name="Execute" finished-at="2023-06-28T16:01:39 IST" duration-ms="3271" status="PASS">
          <reporter-output>
          </reporter-output>
        </test-method> <!-- Execute -->
      </class> <!-- TestClassPackage.Gate_Tc1 -->
    </test> <!-- Test -->
  </suite> <!-- Suite -->
</testng-results>
